#! /usr/local/bin/vvp
:ivl_version "12.0 (stable)";
:ivl_delay_selection "TYPICAL";
:vpi_time_precision - 12;
:vpi_module "/usr/local/lib/ivl/system.vpi";
:vpi_module "/usr/local/lib/ivl/vhdl_sys.vpi";
:vpi_module "/usr/local/lib/ivl/vhdl_textio.vpi";
:vpi_module "/usr/local/lib/ivl/v2005_math.vpi";
:vpi_module "/usr/local/lib/ivl/va_math.vpi";
:vpi_module "/usr/local/lib/ivl/v2009.vpi";
S_0x18638ea0 .scope package, "$unit" "$unit" 2 1;
 .timescale 0 0;
S_0x18638ac0 .scope module, "tb_uart_led_sensor" "tb_uart_led_sensor" 3 7;
 .timescale -9 -12;
P_0x1860c420 .param/l "BAUD_RATE" 1 3 33, +C4<00000000000011110100001001000000>;
P_0x1860c460 .param/real "CLK_PERIOD_NS" 1 3 26, Cr<m5000000000000000gfc6>; value=20.0000
v0x1867c6a0_0 .var/real "BIT_PERIOD_NS", 0 0;
v0x1867c780_0 .var "FPGA_RXD", 0 0;
v0x1867c870_0 .net "FPGA_TXD", 0 0, L_0x1867cc00;  1 drivers
v0x1867c970_0 .var "i_Clock", 0 0;
v0x1867ca40_0 .var "i_Rst", 0 0;
v0x1867cb30_0 .net "o_LEDs", 7 0, v0x1867b1b0_0;  1 drivers
S_0x1865b540 .scope module, "dut" "uart_led_sensor_top" 3 17, 4 9 0, S_0x18638ac0;
 .timescale -9 -12;
    .port_info 0 /INPUT 1 "i_Clock";
    .port_info 1 /INPUT 1 "i_Rst";
    .port_info 2 /INPUT 1 "FPGA_RXD";
    .port_info 3 /OUTPUT 1 "FPGA_TXD";
    .port_info 4 /OUTPUT 8 "o_LEDs";
P_0x1861e580 .param/l "BAUD_RATE" 0 4 19, +C4<00000000000011110100001001000000>;
P_0x1861e5c0 .param/l "CLKS_PER_BIT" 1 4 20, +C4<00000000000000000000000000110010>;
P_0x1861e600 .param/l "CLOCK_RATE" 0 4 18, +C4<00000010111110101111000010000000>;
P_0x1861e640 .param/l "RX_DATA" 1 4 44, C4<010>;
P_0x1861e680 .param/l "RX_IDLE" 1 4 42, C4<000>;
P_0x1861e6c0 .param/l "RX_START" 1 4 43, C4<001>;
P_0x1861e700 .param/l "RX_STOP" 1 4 45, C4<011>;
L_0x1867cc00 .functor BUFZ 1, v0x1867bd70_0, C4<0>, C4<0>, C4<0>;
L_0x1867ccc0 .functor BUFZ 1, v0x1867b3e0_0, C4<0>, C4<0>, C4<0>;
v0x1867ab90_0 .net "FPGA_RXD", 0 0, v0x1867c780_0;  1 drivers
v0x1867ac70_0 .net "FPGA_TXD", 0 0, L_0x1867cc00;  alias, 1 drivers
v0x1867ad30_0 .net *"_ivl_5", 15 0, L_0x1867cd90;  1 drivers
v0x1867ae20_0 .var "cmd_buf", 23 0;
v0x1867af00_0 .net "i_Clock", 0 0, v0x1867c970_0;  1 drivers
v0x1867b010_0 .net "i_Rst", 0 0, v0x1867ca40_0;  1 drivers
v0x1867b0d0_0 .net "next_cmd", 23 0, L_0x1867ce90;  1 drivers
v0x1867b1b0_0 .var "o_LEDs", 7 0;
v0x1867b290_0 .var "r1", 0 0;
v0x1867b3e0_0 .var "r2", 0 0;
v0x1867b4a0_0 .var "rx_bit", 2 0;
v0x1867b580_0 .var "rx_byte", 7 0;
v0x1867b660_0 .var "rx_cnt", 15 0;
v0x1867b740_0 .var "rx_dv", 0 0;
v0x1867b800_0 .var "rx_state", 2 0;
v0x1867b8e0_0 .net "rx_sync", 0 0, L_0x1867ccc0;  1 drivers
v0x1867b9a0_0 .var "tx_bit", 3 0;
v0x1867bb50_0 .var "tx_busy", 0 0;
v0x1867bbf0_0 .var "tx_cnt", 15 0;
v0x1867bcb0_0 .var "tx_done", 0 0;
v0x1867bd70_0 .var "tx_line", 0 0;
v0x1867be30_0 .var "tx_shift", 9 0;
E_0x1860ce40 .event posedge, v0x1867af00_0;
L_0x1867cd90 .part v0x1867ae20_0, 0, 16;
L_0x1867ce90 .concat [ 8 16 0 0], v0x1867b580_0, L_0x1867cd90;
S_0x1861e7a0 .scope begin, "$unm_blk_18" "$unm_blk_18" 4 117, 4 117 0, S_0x1865b540;
 .timescale -9 -12;
v0x1863d180_0 .var/i "idx", 31 0;
S_0x1867a8b0 .scope begin, "$unm_blk_19" "$unm_blk_19" 4 126, 4 126 0, S_0x1865b540;
 .timescale -9 -12;
v0x1867aab0_0 .var/i "idx", 31 0;
S_0x1867bfb0 .scope autotask, "send_byte" "send_byte" 3 37, 3 37 0, S_0x18638ac0;
 .timescale -9 -12;
v0x1867c160_0 .var "b", 7 0;
v0x1867c240_0 .var/2s "i", 31 0;
TD_tb_uart_led_sensor.send_byte ;
    %pushi/vec4 0, 0, 1;
    %assign/vec4 v0x1867c780_0, 0;
    %load/real v0x1867c6a0_0;
    %pushi/real 2097152000, 4075; load=1000.00
    %mul/wr;
    %cvt/vr 64;
    %muli 1, 0, 64;
    %ix/vec4 4;
    %delayx 4;
    %pushi/vec4 0, 0, 32;
    %store/vec4 v0x1867c240_0, 0, 32;
T_0.0 ;
    %load/vec4 v0x1867c240_0;
    %cmpi/s 8, 0, 32;
    %jmp/0xz T_0.1, 5;
    %load/vec4 v0x1867c160_0;
    %load/vec4 v0x1867c240_0;
    %part/s 1;
    %assign/vec4 v0x1867c780_0, 0;
    %load/real v0x1867c6a0_0;
    %pushi/real 2097152000, 4075; load=1000.00
    %mul/wr;
    %cvt/vr 64;
    %muli 1, 0, 64;
    %ix/vec4 4;
    %delayx 4;
    %load/vec4 v0x1867c240_0;
    %addi 1, 0, 32;
    %cast2;
    %store/vec4 v0x1867c240_0, 0, 32;
    %jmp T_0.0;
T_0.1 ;
    %pushi/vec4 1, 0, 1;
    %assign/vec4 v0x1867c780_0, 0;
    %load/real v0x1867c6a0_0;
    %pushi/real 2097152000, 4075; load=1000.00
    %mul/wr;
    %cvt/vr 64;
    %muli 1, 0, 64;
    %ix/vec4 4;
    %delayx 4;
    %end;
S_0x1867c320 .scope autotask, "send_command" "send_command" 3 52, 3 52 0, S_0x18638ac0;
 .timescale -9 -12;
v0x1867c500_0 .var/2s "i", 31 0;
v0x1867c5e0_0 .var/str "s";
TD_tb_uart_led_sensor.send_command ;
    %pushi/vec4 0, 0, 32;
    %store/vec4 v0x1867c500_0, 0, 32;
T_1.2 ;
    %load/vec4 v0x1867c500_0;
    %vpi_func 0 0 "$ivl_string_method$len" 32, v0x1867c5e0_0 {0 0 0};
    %cmp/u;
    %jmp/0xz T_1.3, 5;
    %alloc S_0x1867bfb0;
    %load/str v0x1867c5e0_0;
    %ix/getv/s 4, v0x1867c500_0;
    %substr/vec4 4, 8;
    %pop/str 1;
    %store/vec4 v0x1867c160_0, 0, 8;
    %fork TD_tb_uart_led_sensor.send_byte, S_0x1867bfb0;
    %join;
    %free S_0x1867bfb0;
    %load/real v0x1867c6a0_0;
    %pushi/vec4 2, 0, 32;
    %cvt/rv/s;
    %mul/wr;
    %pushi/real 2097152000, 4075; load=1000.00
    %mul/wr;
    %cvt/vr 64;
    %muli 1, 0, 64;
    %ix/vec4 4;
    %delayx 4;
    %load/vec4 v0x1867c500_0;
    %addi 1, 0, 32;
    %cast2;
    %store/vec4 v0x1867c500_0, 0, 32;
    %jmp T_1.2;
T_1.3 ;
    %load/real v0x1867c6a0_0;
    %pushi/vec4 8, 0, 32;
    %cvt/rv/s;
    %mul/wr;
    %pushi/real 2097152000, 4075; load=1000.00
    %mul/wr;
    %cvt/vr 64;
    %muli 1, 0, 64;
    %ix/vec4 4;
    %delayx 4;
    %end;
    .scope S_0x1865b540;
T_2 ;
    %pushi/vec4 1, 0, 1;
    %store/vec4 v0x1867bd70_0, 0, 1;
    %pushi/vec4 0, 0, 1;
    %store/vec4 v0x1867bb50_0, 0, 1;
    %pushi/vec4 0, 0, 1;
    %store/vec4 v0x1867bcb0_0, 0, 1;
    %end;
    .thread T_2, $init;
    .scope S_0x1865b540;
T_3 ;
    %wait E_0x1860ce40;
    %load/vec4 v0x1867ab90_0;
    %assign/vec4 v0x1867b290_0, 0;
    %load/vec4 v0x1867b290_0;
    %assign/vec4 v0x1867b3e0_0, 0;
    %jmp T_3;
    .thread T_3;
    .scope S_0x1865b540;
T_4 ;
    %wait E_0x1860ce40;
    %load/vec4 v0x1867b010_0;
    %flag_set/vec4 8;
    %jmp/0xz  T_4.0, 8;
    %pushi/vec4 0, 0, 3;
    %assign/vec4 v0x1867b800_0, 0;
    %pushi/vec4 0, 0, 16;
    %assign/vec4 v0x1867b660_0, 0;
    %pushi/vec4 0, 0, 3;
    %assign/vec4 v0x1867b4a0_0, 0;
    %pushi/vec4 0, 0, 8;
    %assign/vec4 v0x1867b580_0, 0;
    %pushi/vec4 0, 0, 1;
    %assign/vec4 v0x1867b740_0, 0;
    %jmp T_4.1;
T_4.0 ;
    %pushi/vec4 0, 0, 1;
    %assign/vec4 v0x1867b740_0, 0;
    %load/vec4 v0x1867b800_0;
    %dup/vec4;
    %pushi/vec4 0, 0, 3;
    %cmp/u;
    %jmp/1 T_4.2, 6;
    %dup/vec4;
    %pushi/vec4 1, 0, 3;
    %cmp/u;
    %jmp/1 T_4.3, 6;
    %dup/vec4;
    %pushi/vec4 2, 0, 3;
    %cmp/u;
    %jmp/1 T_4.4, 6;
    %dup/vec4;
    %pushi/vec4 3, 0, 3;
    %cmp/u;
    %jmp/1 T_4.5, 6;
    %jmp T_4.6;
T_4.2 ;
    %load/vec4 v0x1867b8e0_0;
    %nor/r;
    %flag_set/vec4 8;
    %jmp/0xz  T_4.7, 8;
    %pushi/vec4 1, 0, 3;
    %assign/vec4 v0x1867b800_0, 0;
    %pushi/vec4 0, 0, 16;
    %assign/vec4 v0x1867b660_0, 0;
T_4.7 ;
    %jmp T_4.6;
T_4.3 ;
    %load/vec4 v0x1867b660_0;
    %pad/u 32;
    %cmpi/e 25, 0, 32;
    %jmp/0xz  T_4.9, 4;
    %load/vec4 v0x1867b8e0_0;
    %nor/r;
    %flag_set/vec4 8;
    %jmp/0xz  T_4.11, 8;
    %pushi/vec4 2, 0, 3;
    %assign/vec4 v0x1867b800_0, 0;
    %pushi/vec4 0, 0, 3;
    %assign/vec4 v0x1867b4a0_0, 0;
    %jmp T_4.12;
T_4.11 ;
    %pushi/vec4 0, 0, 3;
    %assign/vec4 v0x1867b800_0, 0;
T_4.12 ;
    %pushi/vec4 0, 0, 16;
    %assign/vec4 v0x1867b660_0, 0;
    %jmp T_4.10;
T_4.9 ;
    %load/vec4 v0x1867b660_0;
    %addi 1, 0, 16;
    %assign/vec4 v0x1867b660_0, 0;
T_4.10 ;
    %jmp T_4.6;
T_4.4 ;
    %load/vec4 v0x1867b660_0;
    %pad/u 32;
    %cmpi/u 49, 0, 32;
    %jmp/0xz  T_4.13, 5;
    %load/vec4 v0x1867b660_0;
    %addi 1, 0, 16;
    %assign/vec4 v0x1867b660_0, 0;
    %jmp T_4.14;
T_4.13 ;
    %pushi/vec4 0, 0, 16;
    %assign/vec4 v0x1867b660_0, 0;
    %load/vec4 v0x1867b8e0_0;
    %ix/load 5, 0, 0;
    %ix/getv 4, v0x1867b4a0_0;
    %assign/vec4/off/d v0x1867b580_0, 4, 5;
    %load/vec4 v0x1867b4a0_0;
    %pad/u 32;
    %cmpi/u 7, 0, 32;
    %jmp/0xz  T_4.15, 5;
    %load/vec4 v0x1867b4a0_0;
    %addi 1, 0, 3;
    %assign/vec4 v0x1867b4a0_0, 0;
    %jmp T_4.16;
T_4.15 ;
    %pushi/vec4 3, 0, 3;
    %assign/vec4 v0x1867b800_0, 0;
T_4.16 ;
T_4.14 ;
    %jmp T_4.6;
T_4.5 ;
    %load/vec4 v0x1867b660_0;
    %pad/u 32;
    %cmpi/u 49, 0, 32;
    %jmp/0xz  T_4.17, 5;
    %load/vec4 v0x1867b660_0;
    %addi 1, 0, 16;
    %assign/vec4 v0x1867b660_0, 0;
    %jmp T_4.18;
T_4.17 ;
    %pushi/vec4 0, 0, 16;
    %assign/vec4 v0x1867b660_0, 0;
    %pushi/vec4 0, 0, 3;
    %assign/vec4 v0x1867b800_0, 0;
    %pushi/vec4 1, 0, 1;
    %assign/vec4 v0x1867b740_0, 0;
T_4.18 ;
    %jmp T_4.6;
T_4.6 ;
    %pop/vec4 1;
T_4.1 ;
    %jmp T_4;
    .thread T_4;
    .scope S_0x1865b540;
T_5 ;
    %wait E_0x1860ce40;
    %load/vec4 v0x1867b010_0;
    %flag_set/vec4 8;
    %jmp/0xz  T_5.0, 8;
    %pushi/vec4 0, 0, 8;
    %assign/vec4 v0x1867b1b0_0, 0;
    %pushi/vec4 0, 0, 24;
    %assign/vec4 v0x1867ae20_0, 0;
    %pushi/vec4 1, 0, 1;
    %assign/vec4 v0x1867bd70_0, 0;
    %pushi/vec4 0, 0, 1;
    %assign/vec4 v0x1867bb50_0, 0;
    %pushi/vec4 0, 0, 1;
    %assign/vec4 v0x1867bcb0_0, 0;
    %pushi/vec4 0, 0, 16;
    %assign/vec4 v0x1867bbf0_0, 0;
    %pushi/vec4 0, 0, 4;
    %assign/vec4 v0x1867b9a0_0, 0;
    %pushi/vec4 1023, 0, 10;
    %assign/vec4 v0x1867be30_0, 0;
    %jmp T_5.1;
T_5.0 ;
    %pushi/vec4 0, 0, 1;
    %assign/vec4 v0x1867bcb0_0, 0;
    %load/vec4 v0x1867b740_0;
    %flag_set/vec4 8;
    %jmp/0xz  T_5.2, 8;
    %load/vec4 v0x1867b0d0_0;
    %parti/s 16, 8, 5;
    %cmpi/e 20302, 0, 16;
    %flag_get/vec4 4;
    %jmp/0 T_5.7, 4;
    %pushi/vec4 49, 0, 8; draw_string_vec4
    %load/vec4 v0x1867b0d0_0;
    %parti/s 8, 0, 2;
    %cmp/u;
    %flag_get/vec4 4;
    %flag_get/vec4 5;
    %or;
    %and;
T_5.7;
    %flag_set/vec4 9;
    %flag_get/vec4 9;
    %jmp/0 T_5.6, 9;
    %load/vec4 v0x1867b0d0_0;
    %parti/s 8, 0, 2;
    %pushi/vec4 56, 0, 8; draw_string_vec4
    %cmp/u;
    %flag_get/vec4 4;
    %flag_get/vec4 5;
    %or;
    %and;
T_5.6;
    %flag_set/vec4 8;
    %jmp/0xz  T_5.4, 8;
    %fork t_1, S_0x1861e7a0;
    %jmp t_0;
    .scope S_0x1861e7a0;
t_1 ;
    %load/vec4 v0x1867b0d0_0;
    %parti/s 8, 0, 2;
    %pad/u 32;
    %pushi/vec4 49, 0, 32; draw_string_vec4
    %sub;
    %store/vec4 v0x1863d180_0, 0, 32;
    %pushi/vec4 1, 0, 1;
    %ix/load 5, 0, 0;
    %ix/getv/s 4, v0x1863d180_0;
    %assign/vec4/off/d v0x1867b1b0_0, 4, 5;
    %pushi/vec4 0, 0, 24;
    %assign/vec4 v0x1867ae20_0, 0;
    %end;
    .scope S_0x1865b540;
t_0 %join;
    %jmp T_5.5;
T_5.4 ;
    %load/vec4 v0x1867b0d0_0;
    %parti/s 16, 8, 5;
    %cmpi/e 20294, 0, 16;
    %flag_get/vec4 4;
    %jmp/0 T_5.11, 4;
    %pushi/vec4 49, 0, 8; draw_string_vec4
    %load/vec4 v0x1867b0d0_0;
    %parti/s 8, 0, 2;
    %cmp/u;
    %flag_get/vec4 4;
    %flag_get/vec4 5;
    %or;
    %and;
T_5.11;
    %flag_set/vec4 9;
    %flag_get/vec4 9;
    %jmp/0 T_5.10, 9;
    %load/vec4 v0x1867b0d0_0;
    %parti/s 8, 0, 2;
    %pushi/vec4 56, 0, 8; draw_string_vec4
    %cmp/u;
    %flag_get/vec4 4;
    %flag_get/vec4 5;
    %or;
    %and;
T_5.10;
    %flag_set/vec4 8;
    %jmp/0xz  T_5.8, 8;
    %fork t_3, S_0x1867a8b0;
    %jmp t_2;
    .scope S_0x1867a8b0;
t_3 ;
    %load/vec4 v0x1867b0d0_0;
    %parti/s 8, 0, 2;
    %pad/u 32;
    %pushi/vec4 49, 0, 32; draw_string_vec4
    %sub;
    %store/vec4 v0x1867aab0_0, 0, 32;
    %pushi/vec4 0, 0, 1;
    %ix/load 5, 0, 0;
    %ix/getv/s 4, v0x1867aab0_0;
    %assign/vec4/off/d v0x1867b1b0_0, 4, 5;
    %pushi/vec4 0, 0, 24;
    %assign/vec4 v0x1867ae20_0, 0;
    %end;
    .scope S_0x1865b540;
t_2 %join;
    %jmp T_5.9;
T_5.8 ;
    %load/vec4 v0x1867b0d0_0;
    %parti/s 16, 8, 5;
    %cmpi/e 21332, 0, 16;
    %jmp/0xz  T_5.12, 4;
    %load/vec4 v0x1867b0d0_0;
    %assign/vec4 v0x1867ae20_0, 0;
    %jmp T_5.13;
T_5.12 ;
    %load/vec4 v0x1867b0d0_0;
    %assign/vec4 v0x1867ae20_0, 0;
T_5.13 ;
T_5.9 ;
T_5.5 ;
T_5.2 ;
T_5.1 ;
    %jmp T_5;
    .thread T_5;
    .scope S_0x18638ac0;
T_6 ;
    %pushi/real 2097152000, 4075; load=1000.00
    %store/real v0x1867c6a0_0;
    %end;
    .thread T_6, $init;
    .scope S_0x18638ac0;
T_7 ;
    %pushi/vec4 0, 0, 1;
    %store/vec4 v0x1867c970_0, 0, 1;
T_7.0 ;
    %delay 10000, 0;
    %load/vec4 v0x1867c970_0;
    %inv;
    %store/vec4 v0x1867c970_0, 0, 1;
    %jmp T_7.0;
    %end;
    .thread T_7;
    .scope S_0x18638ac0;
T_8 ;
    %vpi_call/w 3 68 "$dumpfile", "Wave.vcd" {0 0 0};
    %vpi_call/w 3 69 "$dumpvars", 32'sb00000000000000000000000000000000, S_0x18638ac0 {0 0 0};
    %pushi/vec4 1, 0, 1;
    %store/vec4 v0x1867c780_0, 0, 1;
    %pushi/vec4 1, 0, 1;
    %store/vec4 v0x1867ca40_0, 0, 1;
    %delay 200000, 0;
    %pushi/vec4 0, 0, 1;
    %store/vec4 v0x1867ca40_0, 0, 1;
    %delay 2000000, 0;
    %vpi_call/w 3 78 "$display", "--- TEST START ---" {0 0 0};
    %alloc S_0x1867c320;
    %pushi/str "ON1";
    %store/str v0x1867c5e0_0;
    %fork TD_tb_uart_led_sensor.send_command, S_0x1867c320;
    %join;
    %free S_0x1867c320;
    %delay 1000000, 0;
    %alloc S_0x1867c320;
    %pushi/str "ON2";
    %store/str v0x1867c5e0_0;
    %fork TD_tb_uart_led_sensor.send_command, S_0x1867c320;
    %join;
    %free S_0x1867c320;
    %delay 1000000, 0;
    %alloc S_0x1867c320;
    %pushi/str "ON8";
    %store/str v0x1867c5e0_0;
    %fork TD_tb_uart_led_sensor.send_command, S_0x1867c320;
    %join;
    %free S_0x1867c320;
    %delay 1000000, 0;
    %alloc S_0x1867c320;
    %pushi/str "ON9";
    %store/str v0x1867c5e0_0;
    %fork TD_tb_uart_led_sensor.send_command, S_0x1867c320;
    %join;
    %free S_0x1867c320;
    %delay 1000000, 0;
    %alloc S_0x1867c320;
    %pushi/str "ABC";
    %store/str v0x1867c5e0_0;
    %fork TD_tb_uart_led_sensor.send_command, S_0x1867c320;
    %join;
    %free S_0x1867c320;
    %delay 1000000, 0;
    %alloc S_0x1867c320;
    %pushi/str "OF2";
    %store/str v0x1867c5e0_0;
    %fork TD_tb_uart_led_sensor.send_command, S_0x1867c320;
    %join;
    %free S_0x1867c320;
    %delay 1000000, 0;
    %alloc S_0x1867c320;
    %pushi/str "OF8";
    %store/str v0x1867c5e0_0;
    %fork TD_tb_uart_led_sensor.send_command, S_0x1867c320;
    %join;
    %free S_0x1867c320;
    %delay 1000000, 0;
    %alloc S_0x1867c320;
    %pushi/str "ON3";
    %store/str v0x1867c5e0_0;
    %fork TD_tb_uart_led_sensor.send_command, S_0x1867c320;
    %join;
    %free S_0x1867c320;
    %delay 1000000, 0;
    %vpi_call/w 3 105 "$display", "--- CHECK LED VALUES IN LOG / WAVEFORM ---" {0 0 0};
    %delay 5000000, 0;
    %vpi_call/w 3 108 "$display", "--- TEST COMPLETE ---" {0 0 0};
    %delay 100000, 0;
    %vpi_call/w 3 110 "$finish" {0 0 0};
    %end;
    .thread T_8;
    .scope S_0x18638ac0;
T_9 ;
    %vpi_call/w 3 115 "$monitor", "[%0t ns] LEDs=%b RXD=%b TXD=%b", $time, v0x1867cb30_0, v0x1867c780_0, v0x1867c870_0 {0 0 0};
    %end;
    .thread T_9;
# The file index is used to find the file name in the following table.
:file_names 5;
    "N/A";
    "<interactive>";
    "-";
    "testbench.sv";
    "design.sv";
